mode: set
catapigo/controllers/default.go:21.36,27.42 4 0
catapigo/controllers/default.go:27.42,30.6 2 0
catapigo/controllers/default.go:33.42,35.2 1 0
catapigo/controllers/default.go:41.43,48.12 5 0
catapigo/controllers/default.go:48.12,54.17 5 0
catapigo/controllers/default.go:54.17,57.4 2 0
catapigo/controllers/default.go:58.3,61.68 3 0
catapigo/controllers/default.go:61.68,64.4 2 0
catapigo/controllers/default.go:66.3,66.23 1 0
catapigo/controllers/default.go:69.2,69.9 1 0
catapigo/controllers/default.go:70.30,71.26 1 0
catapigo/controllers/default.go:72.24,73.88 1 0
catapigo/controllers/default.go:76.2,76.15 1 0
catapigo/controllers/default.go:80.45,88.15 6 0
catapigo/controllers/default.go:88.15,90.23 2 0
catapigo/controllers/default.go:90.23,93.10 2 0
catapigo/controllers/default.go:94.9,98.23 4 0
catapigo/controllers/default.go:98.23,101.10 2 0
catapigo/controllers/default.go:102.9,105.74 3 0
catapigo/controllers/default.go:105.74,108.10 2 0
catapigo/controllers/default.go:110.9,110.29 1 0
catapigo/controllers/default.go:113.5,113.12 1 0
catapigo/controllers/default.go:114.33,115.32 1 0
catapigo/controllers/default.go:116.29,117.65 1 0
catapigo/controllers/default.go:120.5,120.18 1 0
catapigo/controllers/default.go:126.39,128.71 2 0
catapigo/controllers/default.go:128.71,132.3 3 0
catapigo/controllers/default.go:134.2,138.16 4 0
catapigo/controllers/default.go:138.16,142.3 3 0
catapigo/controllers/default.go:144.2,147.12 3 0
catapigo/controllers/default.go:147.12,149.17 2 0
catapigo/controllers/default.go:149.17,152.4 2 0
catapigo/controllers/default.go:154.3,159.17 5 0
catapigo/controllers/default.go:159.17,162.4 2 0
catapigo/controllers/default.go:163.3,165.80 2 0
catapigo/controllers/default.go:165.80,168.4 2 0
catapigo/controllers/default.go:170.3,170.46 1 0
catapigo/controllers/default.go:173.2,173.9 1 0
catapigo/controllers/default.go:174.31,175.57 1 0
catapigo/controllers/default.go:176.24,177.87 1 0
catapigo/controllers/default.go:180.2,180.15 1 0
catapigo/controllers/default.go:184.43,188.16 4 0
catapigo/controllers/default.go:188.16,192.3 3 0
catapigo/controllers/default.go:194.2,194.56 1 0
catapigo/controllers/default.go:194.56,198.3 3 0
catapigo/controllers/default.go:200.2,200.28 1 0
catapigo/controllers/default.go:200.28,204.3 3 0
catapigo/controllers/default.go:206.2,211.16 5 0
catapigo/controllers/default.go:211.16,215.3 3 0
catapigo/controllers/default.go:217.2,220.12 3 0
catapigo/controllers/default.go:220.12,222.17 2 0
catapigo/controllers/default.go:222.17,225.4 2 0
catapigo/controllers/default.go:227.3,232.17 5 0
catapigo/controllers/default.go:232.17,235.4 2 0
catapigo/controllers/default.go:236.3,238.80 2 0
catapigo/controllers/default.go:238.80,242.4 3 0
catapigo/controllers/default.go:244.3,244.50 1 0
catapigo/controllers/default.go:247.2,247.9 1 0
catapigo/controllers/default.go:248.31,249.57 1 0
catapigo/controllers/default.go:250.24,251.92 1 0
catapigo/controllers/default.go:254.2,254.15 1 0
catapigo/controllers/default.go:258.43,265.12 5 0
catapigo/controllers/default.go:265.12,271.17 5 0
catapigo/controllers/default.go:271.17,274.4 2 0
catapigo/controllers/default.go:275.3,278.68 3 0
catapigo/controllers/default.go:278.68,281.4 2 0
catapigo/controllers/default.go:283.3,283.23 1 0
catapigo/controllers/default.go:286.2,286.9 1 0
catapigo/controllers/default.go:287.30,288.26 1 0
catapigo/controllers/default.go:289.24,290.91 1 0
catapigo/controllers/default.go:293.2,293.15 1 0
catapigo/controllers/default.go:296.45,305.15 5 0
catapigo/controllers/default.go:305.15,307.23 2 0
catapigo/controllers/default.go:307.23,310.10 2 0
catapigo/controllers/default.go:311.9,315.23 4 0
catapigo/controllers/default.go:315.23,318.10 2 0
catapigo/controllers/default.go:319.9,322.74 3 0
catapigo/controllers/default.go:322.74,325.10 2 0
catapigo/controllers/default.go:327.9,327.28 1 0
catapigo/controllers/default.go:327.28,329.10 1 0
catapigo/controllers/default.go:329.15,331.10 1 0
catapigo/controllers/default.go:335.5,335.12 1 0
catapigo/controllers/default.go:336.33,337.32 1 0
catapigo/controllers/default.go:338.29,339.65 1 0
catapigo/controllers/default.go:342.5,342.18 1 0
catapigo/routers/router.go:9.13,17.2 7 0
catapigo/main.go:8.13,11.2 1 0
catapigo/main.go:13.13,15.2 1 0
